<?xml version="1.0" encoding="UTF-8"?>
<!-- Generated by org.testng.reporters.JUnitReportReporter -->
<testsuite hostname="LAPTOP-3CI6OJ1U" failures="0" tests="1" name="com.SauceDemo.TestClass.BasicLogOut" time="23.850" errors="0" timestamp="2022-02-22T00:43:57 IST" skipped="0">
  <testcase classname="com.SauceDemo.TestClass.BasicLogOut" name="LogOut1" time="23.850"/>
  <system-out>
    <![CDATA[Logout Success Reporter]]>
  </system-out>
</testsuite> <!-- com.SauceDemo.TestClass.BasicLogOut -->
