<?xml version="1.0" encoding="UTF-8"?>
<!-- Generated by org.testng.reporters.JUnitReportReporter -->
<testsuite hostname="LAPTOP-3CI6OJ1U" failures="0" tests="1" name="com.SauceDemo.TestClass.BasicAddtoCart" time="21.195" errors="0" timestamp="2022-02-22T00:43:57 IST" skipped="0">
  <testcase classname="com.SauceDemo.TestClass.BasicAddtoCart" name="AddToCart" time="21.195"/>
  <system-out>
    <![CDATA[Added to cart reporter]]>
  </system-out>
</testsuite> <!-- com.SauceDemo.TestClass.BasicAddtoCart -->
