<?xml version="1.0" encoding="UTF-8"?>
<!-- Generated by org.testng.reporters.JUnitReportReporter -->
<testsuite hostname="LAPTOP-3CI6OJ1U" failures="0" tests="1" name="com.SauceDemo.TestClass.BasicVerifyLogin" time="18.802" errors="0" timestamp="2022-02-22T00:43:57 IST" skipped="0">
  <testcase classname="com.SauceDemo.TestClass.BasicVerifyLogin" name="VerifyLogin" time="18.802"/>
  <system-out>
    <![CDATA[Login Success Reporter]]>
  </system-out>
</testsuite> <!-- com.SauceDemo.TestClass.BasicVerifyLogin -->
